Root WebApplicationContext: initialization started 
Refreshing Root WebApplicationContext: startup date [Mon Nov 30 17:32:17 CST 2020]; root of context hierarchy 
Loading XML bean definitions from URL [file:/G:/Users/Administrator/IDEA/61-Spring-AOP-Login/out/artifacts/web_war_exploded/WEB-INF/classes/applicationContext.xml] 
Loaded JDBC driver: com.mysql.cj.jdbc.Driver 
Root WebApplicationContext: initialization completed in 5720 ms 
admin在Mon Nov 30 17:32:33 CST 2020进行登录 
admin登陆成功！ 
admin在Mon Nov 30 17:33:28 CST 2020进行登录 
admin登陆成功！ 
admin在Mon Nov 30 17:34:03 CST 2020进行登录 
admin登录失败！ 
admin在Mon Nov 30 17:35:39 CST 2020进行登录 
admin登录失败！ 
Closing Root WebApplicationContext: startup date [Mon Nov 30 17:32:17 CST 2020]; root of context hierarchy 
Root WebApplicationContext: initialization started 
Refreshing Root WebApplicationContext: startup date [Mon Nov 30 17:37:08 CST 2020]; root of context hierarchy 
Loading XML bean definitions from URL [file:/G:/Users/Administrator/IDEA/61-Spring-AOP-Login/out/artifacts/web_war_exploded/WEB-INF/classes/applicationContext.xml] 
Loaded JDBC driver: com.mysql.cj.jdbc.Driver 
Root WebApplicationContext: initialization completed in 5060 ms 
admin在Mon Nov 30 17:37:22 CST 2020进行登录 
admin登录失败！ 
Closing Root WebApplicationContext: startup date [Mon Nov 30 17:37:08 CST 2020]; root of context hierarchy 
Root WebApplicationContext: initialization started 
Refreshing Root WebApplicationContext: startup date [Mon Nov 30 17:38:28 CST 2020]; root of context hierarchy 
Loading XML bean definitions from URL [file:/G:/Users/Administrator/IDEA/61-Spring-AOP-Login/out/artifacts/web_war_exploded/WEB-INF/classes/applicationContext.xml] 
Loaded JDBC driver: com.mysql.cj.jdbc.Driver 
Root WebApplicationContext: initialization completed in 2809 ms 
asd在Mon Nov 30 17:38:44 CST 2020进行登录 
asd登录失败！ 
Closing Root WebApplicationContext: startup date [Mon Nov 30 17:38:28 CST 2020]; root of context hierarchy 
Root WebApplicationContext: initialization started 
Refreshing Root WebApplicationContext: startup date [Mon Nov 30 17:44:41 CST 2020]; root of context hierarchy 
Loading XML bean definitions from URL [file:/G:/Users/Administrator/IDEA/61-Spring-AOP-Login/out/artifacts/web_war_exploded/WEB-INF/classes/applicationContext.xml] 
Loaded JDBC driver: com.mysql.cj.jdbc.Driver 
Root WebApplicationContext: initialization completed in 24122 ms 
asdf在Mon Nov 30 17:45:12 CST 2020进行登录 
asdf登录失败！ 
Closing Root WebApplicationContext: startup date [Mon Nov 30 17:44:41 CST 2020]; root of context hierarchy 
Root WebApplicationContext: initialization started 
Refreshing Root WebApplicationContext: startup date [Mon Nov 30 17:45:46 CST 2020]; root of context hierarchy 
Loading XML bean definitions from URL [file:/G:/Users/Administrator/IDEA/61-Spring-AOP-Login/out/artifacts/web_war_exploded/WEB-INF/classes/applicationContext.xml] 
Loaded JDBC driver: com.mysql.cj.jdbc.Driver 
Root WebApplicationContext: initialization completed in 1901 ms 
admin在Mon Nov 30 17:46:09 CST 2020进行登录 
admin登录失败！ 
在Mon Nov 30 17:46:12 CST 2020进行登录 
登录失败！ 
在Mon Nov 30 17:46:13 CST 2020进行登录 
登录失败！ 
bbb在Mon Nov 30 17:46:39 CST 2020进行登录 
bbb登陆成功！ 
Closing Root WebApplicationContext: startup date [Mon Nov 30 17:45:46 CST 2020]; root of context hierarchy 
Root WebApplicationContext: initialization started 
Refreshing Root WebApplicationContext: startup date [Mon Nov 30 17:49:05 CST 2020]; root of context hierarchy 
Loading XML bean definitions from URL [file:/G:/Users/Administrator/IDEA/61-Spring-AOP-Login/out/artifacts/web_war_exploded/WEB-INF/classes/applicationContext.xml] 
Loaded JDBC driver: com.mysql.cj.jdbc.Driver 
Root WebApplicationContext: initialization completed in 2428 ms 
